<?xml version="1.0" encoding="UTF-8"?>
<testsuite name="Utest" tests="2" skipped="0" failures="0" errors="0" timestamp="2022-03-31T22:34:44" hostname="DESKTOP-KGNRJ35" time="31.174">
  <properties/>
  <testcase name="Login the user" classname="Utest" time="13.761"/>
  <testcase name="Register a new user" classname="Utest" time="17.408"/>
  <system-out><![CDATA[]]></system-out>
  <system-err><![CDATA[[Test worker] WARN net.thucydides.core.steps.BaseStepListener - stepStarted: net.thucydides.core.steps.ExecutedStepDescription@1e4f2589
[Test worker] WARN net.thucydides.core.steps.BaseStepListener - stepStarted: net.thucydides.core.steps.ExecutedStepDescription@2450c492
[Test worker] WARN net.thucydides.core.steps.BaseStepListener - stepStarted: net.thucydides.core.steps.ExecutedStepDescription@a90d53
mar. 31, 2022 5:34:45 P. M. org.openqa.selenium.remote.DesiredCapabilities chrome
INFORMACIÓN: Using `new ChromeOptions()` is preferred to `DesiredCapabilities.chrome()`
[Test worker] INFO net.serenitybdd.core.webdriver.driverproviders.ProvideNewDriver - Instantiating driver
[Test worker] INFO net.serenitybdd.core.webdriver.driverproviders.ProvideNewDriver - Driver capabilities: Capabilities {acceptInsecureCerts: false, browserName: chrome, chrome.switches: --start-maximized, goog:chromeOptions: {args: [--start-maximized], extensions: []}, loggingPrefs: org.openqa.selenium.logging..., platform: ANY, version: }
Starting ChromeDriver 100.0.4896.60 (6a5d10861ce8de5fce22564658033b43cb7de047-refs/branch-heads/4896@{#875}) on port 41032
Only local connections are allowed.
Please see https://chromedriver.chromium.org/security-considerations for suggestions on keeping ChromeDriver safe.
ChromeDriver was started successfully.
mar. 31, 2022 5:34:46 P. M. org.openqa.selenium.remote.ProtocolHandshake createSession
INFORMACIÓN: Detected dialect: W3C
[Test worker] WARN net.thucydides.core.steps.BaseStepListener - stepFinished: current outcome:Login the user:Given than deybison wants to learn automation at the utest
| strUsername | strPassword |
| deybison2026@gmail.com | Enano12345* | [Deybison open up [Deybison opens the Utest page]]
[Test worker] WARN net.thucydides.core.steps.BaseStepListener - stepFinished: current outcome:Login the user:Given than deybison wants to learn automation at the utest
| strUsername | strPassword |
| deybison2026@gmail.com | Enano12345* | [Deybison open up [Deybison opens the Utest page]]
[Test worker] WARN net.thucydides.core.steps.BaseStepListener - stepStarted: net.thucydides.core.steps.ExecutedStepDescription@47a189fd
[Test worker] WARN net.thucydides.core.steps.BaseStepListener - stepStarted: net.thucydides.core.steps.ExecutedStepDescription@71880abb
[Test worker] WARN net.thucydides.core.steps.BaseStepListener - stepFinished: current outcome:Login the user:Given than deybison wants to learn automation at the utest
| strUsername | strPassword |
| deybison2026@gmail.com | Enano12345* | [Deybison open up [Deybison opens the Utest page], Deybison login [Deybison clicks on button that show us the form to login]]
[Test worker] WARN net.thucydides.core.steps.BaseStepListener - stepStarted: net.thucydides.core.steps.ExecutedStepDescription@4872ef
[Test worker] WARN net.thucydides.core.steps.BaseStepListener - stepFinished: current outcome:Login the user:Given than deybison wants to learn automation at the utest
| strUsername | strPassword |
| deybison2026@gmail.com | Enano12345* | [Deybison open up [Deybison opens the Utest page], Deybison login [Deybison clicks on button that show us the form to login, Deybison enters 'deybison2026@gmail.com' into where do we write the user]]
[Test worker] WARN net.thucydides.core.steps.BaseStepListener - stepStarted: net.thucydides.core.steps.ExecutedStepDescription@59f65a90
[Test worker] WARN net.thucydides.core.steps.BaseStepListener - stepFinished: current outcome:Login the user:Given than deybison wants to learn automation at the utest
| strUsername | strPassword |
| deybison2026@gmail.com | Enano12345* | [Deybison open up [Deybison opens the Utest page], Deybison login [Deybison clicks on button that show us the form to login, Deybison enters 'deybison2026@gmail.com' into where do we write the user, Deybison enters 'Enano12345*' into where do we write the password]]
[Test worker] WARN net.thucydides.core.steps.BaseStepListener - stepStarted: net.thucydides.core.steps.ExecutedStepDescription@55dee99b
[Test worker] WARN net.thucydides.core.steps.BaseStepListener - stepFinished: current outcome:Login the user:Given than deybison wants to learn automation at the utest
| strUsername | strPassword |
| deybison2026@gmail.com | Enano12345* | [Deybison open up [Deybison opens the Utest page], Deybison login [Deybison clicks on button that show us the form to login, Deybison enters 'deybison2026@gmail.com' into where do we write the user, Deybison enters 'Enano12345*' into where do we write the password, Deybison clicks on button to confirm login]]
[Test worker] WARN net.thucydides.core.steps.BaseStepListener - stepFinished: current outcome:Login the user:Given than deybison wants to learn automation at the utest
| strUsername | strPassword |
| deybison2026@gmail.com | Enano12345* | [Deybison open up [Deybison opens the Utest page], Deybison login [Deybison clicks on button that show us the form to login, Deybison enters 'deybison2026@gmail.com' into where do we write the user, Deybison enters 'Enano12345*' into where do we write the password, Deybison clicks on button to confirm login]]
[Test worker] WARN net.thucydides.core.steps.BaseStepListener - stepFinished: current outcome:Login the user:Given than deybison wants to learn automation at the utest
| strUsername | strPassword |
| deybison2026@gmail.com | Enano12345* | [Deybison open up [Deybison opens the Utest page], Deybison login [Deybison clicks on button that show us the form to login, Deybison enters 'deybison2026@gmail.com' into where do we write the user, Deybison enters 'Enano12345*' into where do we write the password, Deybison clicks on button to confirm login]]
[Test worker] WARN net.thucydides.core.steps.BaseStepListener - stepStarted: net.thucydides.core.steps.ExecutedStepDescription@6faf6a84
[Test worker] WARN net.thucydides.core.steps.BaseStepListener - stepFinished: current outcome:Login the user:Given than deybison wants to learn automation at the utest
| strUsername | strPassword |
| deybison2026@gmail.com | Enano12345* | [Deybison open up [Deybison opens the Utest page], Deybison login [Deybison clicks on button that show us the form to login, Deybison enters 'deybison2026@gmail.com' into where do we write the user, Deybison enters 'Enano12345*' into where do we write the password, Deybison clicks on button to confirm login]], When he finds the coursed called utest
[Test worker] WARN net.thucydides.core.steps.BaseStepListener - stepStarted: net.thucydides.core.steps.ExecutedStepDescription@1f510d27
[Test worker] WARN net.thucydides.core.steps.BaseStepListener - stepStarted: net.thucydides.core.steps.ExecutedStepDescription@79477a02
[Test worker] WARN net.thucydides.core.steps.BaseStepListener - stepStarted: net.thucydides.core.steps.ExecutedStepDescription@293921a
[Test worker] WARN net.thucydides.core.steps.BaseStepListener - stepFinished: current outcome:Login the user:Given than deybison wants to learn automation at the utest
| strUsername | strPassword |
| deybison2026@gmail.com | Enano12345* | [Deybison open up [Deybison opens the Utest page], Deybison login [Deybison clicks on button that show us the form to login, Deybison enters 'deybison2026@gmail.com' into where do we write the user, Deybison enters 'Enano12345*' into where do we write the password, Deybison clicks on button to confirm login]], When he finds the coursed called utest, Then the user Logout with their credentials [Deybison log out [Deybison clicks on expand button]]
[Test worker] WARN net.thucydides.core.steps.BaseStepListener - stepStarted: net.thucydides.core.steps.ExecutedStepDescription@72c227b4
[Test worker] WARN net.thucydides.core.steps.BaseStepListener - stepFinished: current outcome:Login the user:Given than deybison wants to learn automation at the utest
| strUsername | strPassword |
| deybison2026@gmail.com | Enano12345* | [Deybison open up [Deybison opens the Utest page], Deybison login [Deybison clicks on button that show us the form to login, Deybison enters 'deybison2026@gmail.com' into where do we write the user, Deybison enters 'Enano12345*' into where do we write the password, Deybison clicks on button to confirm login]], When he finds the coursed called utest, Then the user Logout with their credentials [Deybison log out [Deybison clicks on expand button, Deybison clicks on Logout button]]
[Test worker] WARN net.thucydides.core.steps.BaseStepListener - stepFinished: current outcome:Login the user:Given than deybison wants to learn automation at the utest
| strUsername | strPassword |
| deybison2026@gmail.com | Enano12345* | [Deybison open up [Deybison opens the Utest page], Deybison login [Deybison clicks on button that show us the form to login, Deybison enters 'deybison2026@gmail.com' into where do we write the user, Deybison enters 'Enano12345*' into where do we write the password, Deybison clicks on button to confirm login]], When he finds the coursed called utest, Then the user Logout with their credentials [Deybison log out [Deybison clicks on expand button, Deybison clicks on Logout button]]
[Test worker] WARN net.thucydides.core.steps.BaseStepListener - stepFinished: current outcome:Login the user:Given than deybison wants to learn automation at the utest
| strUsername | strPassword |
| deybison2026@gmail.com | Enano12345* | [Deybison open up [Deybison opens the Utest page], Deybison login [Deybison clicks on button that show us the form to login, Deybison enters 'deybison2026@gmail.com' into where do we write the user, Deybison enters 'Enano12345*' into where do we write the password, Deybison clicks on button to confirm login]], When he finds the coursed called utest, Then the user Logout with their credentials [Deybison log out [Deybison clicks on expand button, Deybison clicks on Logout button]]
[Test worker] WARN net.thucydides.core.steps.BaseStepListener - testFinished: Login the user:Given than deybison wants to learn automation at the utest
| strUsername | strPassword |
| deybison2026@gmail.com | Enano12345* | [Deybison open up [Deybison opens the Utest page], Deybison login [Deybison clicks on button that show us the form to login, Deybison enters 'deybison2026@gmail.com' into where do we write the user, Deybison enters 'Enano12345*' into where do we write the password, Deybison clicks on button to confirm login]], When he finds the coursed called utest, Then the user Logout with their credentials [Deybison log out [Deybison clicks on expand button, Deybison clicks on Logout button]]
[Test worker] WARN net.thucydides.core.steps.BaseStepListener - TestOutcomes: [Login the user:Given than deybison wants to learn automation at the utest
| strUsername | strPassword |
| deybison2026@gmail.com | Enano12345* | [Deybison open up [Deybison opens the Utest page], Deybison login [Deybison clicks on button that show us the form to login, Deybison enters 'deybison2026@gmail.com' into where do we write the user, Deybison enters 'Enano12345*' into where do we write the password, Deybison clicks on button to confirm login]], When he finds the coursed called utest, Then the user Logout with their credentials [Deybison log out [Deybison clicks on expand button, Deybison clicks on Logout button]]]
[Test worker] WARN net.thucydides.core.steps.BaseStepListener - Final testOutcomes: [Login the user:Given than deybison wants to learn automation at the utest
| strUsername | strPassword |
| deybison2026@gmail.com | Enano12345* | [Deybison open up [Deybison opens the Utest page], Deybison login [Deybison clicks on button that show us the form to login, Deybison enters 'deybison2026@gmail.com' into where do we write the user, Deybison enters 'Enano12345*' into where do we write the password, Deybison clicks on button to confirm login]], When he finds the coursed called utest, Then the user Logout with their credentials [Deybison log out [Deybison clicks on expand button, Deybison clicks on Logout button]]]
[Test worker] INFO net.thucydides.core.steps.ConsoleLoggingListener - 
        __    _____ _____ ____ _____   ____   _    ____  ____  _____ ____  
  _     \ \  |_   _| ____/ ___|_   _| |  _ \ / \  / ___|/ ___|| ____|  _ \ 
 (_)_____| |   | | |  _| \___ \ | |   | |_) / _ \ \___ \\___ \|  _| | | | |
  _|_____| |   | | | |___ ___) || |   |  __/ ___ \ ___) |___) | |___| |_| |
 (_)     | |   |_| |_____|____/ |_|   |_| /_/   \_\____/|____/|_____|____/ 
        /_/                                                                

TEST PASSED: Login the user
----------------------------------------------------------------------------
[Test worker] WARN net.thucydides.core.steps.BaseStepListener - stepStarted: net.thucydides.core.steps.ExecutedStepDescription@24b30a22
[Test worker] WARN net.thucydides.core.steps.BaseStepListener - stepStarted: net.thucydides.core.steps.ExecutedStepDescription@156ed800
[Test worker] WARN net.thucydides.core.steps.BaseStepListener - stepStarted: net.thucydides.core.steps.ExecutedStepDescription@1dc607c5
mar. 31, 2022 5:34:58 P. M. org.openqa.selenium.remote.DesiredCapabilities chrome
INFORMACIÓN: Using `new ChromeOptions()` is preferred to `DesiredCapabilities.chrome()`
[Test worker] INFO net.serenitybdd.core.webdriver.driverproviders.ProvideNewDriver - Instantiating driver
[Test worker] INFO net.serenitybdd.core.webdriver.driverproviders.ProvideNewDriver - Driver capabilities: Capabilities {acceptInsecureCerts: false, browserName: chrome, chrome.switches: --start-maximized, goog:chromeOptions: {args: [--start-maximized], extensions: []}, loggingPrefs: org.openqa.selenium.logging..., platform: ANY, version: }
Starting ChromeDriver 100.0.4896.60 (6a5d10861ce8de5fce22564658033b43cb7de047-refs/branch-heads/4896@{#875}) on port 24635
Only local connections are allowed.
Please see https://chromedriver.chromium.org/security-considerations for suggestions on keeping ChromeDriver safe.
ChromeDriver was started successfully.
mar. 31, 2022 5:34:59 P. M. org.openqa.selenium.remote.ProtocolHandshake createSession
INFORMACIÓN: Detected dialect: W3C
[Test worker] WARN net.thucydides.core.steps.BaseStepListener - stepFinished: current outcome:Register a new user:Given set data in fields
| strFirstName | strLastName | strEmailAddress | strCity | strZipCode | strPassword |
| julio | garzon | fosewaulaugro-9510@yopmail.com | Popayán | 190002 | Andres123456* | [Deybison open up [Deybison opens the Utest page]]
[Test worker] WARN net.thucydides.core.steps.BaseStepListener - stepFinished: current outcome:Register a new user:Given set data in fields
| strFirstName | strLastName | strEmailAddress | strCity | strZipCode | strPassword |
| julio | garzon | fosewaulaugro-9510@yopmail.com | Popayán | 190002 | Andres123456* | [Deybison open up [Deybison opens the Utest page]]
[Test worker] WARN net.thucydides.core.steps.BaseStepListener - stepStarted: net.thucydides.core.steps.ExecutedStepDescription@143e8119
[Test worker] WARN net.thucydides.core.steps.BaseStepListener - stepStarted: net.thucydides.core.steps.ExecutedStepDescription@4baa55c1
[Test worker] WARN net.thucydides.core.steps.BaseStepListener - stepFinished: current outcome:Register a new user:Given set data in fields
| strFirstName | strLastName | strEmailAddress | strCity | strZipCode | strPassword |
| julio | garzon | fosewaulaugro-9510@yopmail.com | Popayán | 190002 | Andres123456* | [Deybison open up [Deybison opens the Utest page], Deybison register [Deybison clicks on button register]]
[Test worker] WARN net.thucydides.core.steps.BaseStepListener - stepStarted: net.thucydides.core.steps.ExecutedStepDescription@55ab0015
[Test worker] WARN net.thucydides.core.steps.BaseStepListener - stepFinished: current outcome:Register a new user:Given set data in fields
| strFirstName | strLastName | strEmailAddress | strCity | strZipCode | strPassword |
| julio | garzon | fosewaulaugro-9510@yopmail.com | Popayán | 190002 | Andres123456* | [Deybison open up [Deybison opens the Utest page], Deybison register [Deybison clicks on button register, Deybison enters 'julio' into where do we write the first name]]
[Test worker] WARN net.thucydides.core.steps.BaseStepListener - stepStarted: net.thucydides.core.steps.ExecutedStepDescription@1de87962
[Test worker] WARN net.thucydides.core.steps.BaseStepListener - stepFinished: current outcome:Register a new user:Given set data in fields
| strFirstName | strLastName | strEmailAddress | strCity | strZipCode | strPassword |
| julio | garzon | fosewaulaugro-9510@yopmail.com | Popayán | 190002 | Andres123456* | [Deybison open up [Deybison opens the Utest page], Deybison register [Deybison clicks on button register, Deybison enters 'julio' into where do we write the first name, Deybison enters 'garzon' into where do we write the last name]]
[Test worker] WARN net.thucydides.core.steps.BaseStepListener - stepStarted: net.thucydides.core.steps.ExecutedStepDescription@1e157cf7
[Test worker] WARN net.thucydides.core.steps.BaseStepListener - stepFinished: current outcome:Register a new user:Given set data in fields
| strFirstName | strLastName | strEmailAddress | strCity | strZipCode | strPassword |
| julio | garzon | fosewaulaugro-9510@yopmail.com | Popayán | 190002 | Andres123456* | [Deybison open up [Deybison opens the Utest page], Deybison register [Deybison clicks on button register, Deybison enters 'julio' into where do we write the first name, Deybison enters 'garzon' into where do we write the last name, Deybison enters 'fosewaulaugro-9510@yopmail.com' into where do we write the email]]
[Test worker] WARN net.thucydides.core.steps.BaseStepListener - stepStarted: net.thucydides.core.steps.ExecutedStepDescription@77eea690
[Test worker] WARN net.thucydides.core.steps.BaseStepListener - stepFinished: current outcome:Register a new user:Given set data in fields
| strFirstName | strLastName | strEmailAddress | strCity | strZipCode | strPassword |
| julio | garzon | fosewaulaugro-9510@yopmail.com | Popayán | 190002 | Andres123456* | [Deybison open up [Deybison opens the Utest page], Deybison register [Deybison clicks on button register, Deybison enters 'julio' into where do we write the first name, Deybison enters 'garzon' into where do we write the last name, Deybison enters 'fosewaulaugro-9510@yopmail.com' into where do we write the email, Deybison clicks on where do we write the month]]
[Test worker] WARN net.thucydides.core.steps.BaseStepListener - stepStarted: net.thucydides.core.steps.ExecutedStepDescription@6d9cd706
[Test worker] WARN net.thucydides.core.steps.BaseStepListener - stepFinished: current outcome:Register a new user:Given set data in fields
| strFirstName | strLastName | strEmailAddress | strCity | strZipCode | strPassword |
| julio | garzon | fosewaulaugro-9510@yopmail.com | Popayán | 190002 | Andres123456* | [Deybison open up [Deybison opens the Utest page], Deybison register [Deybison clicks on button register, Deybison enters 'julio' into where do we write the first name, Deybison enters 'garzon' into where do we write the last name, Deybison enters 'fosewaulaugro-9510@yopmail.com' into where do we write the email, Deybison clicks on where do we write the month, Deybison clicks on where do we write the month]]
[Test worker] WARN net.thucydides.core.steps.BaseStepListener - stepStarted: net.thucydides.core.steps.ExecutedStepDescription@48c853e5
[Test worker] WARN net.thucydides.core.steps.BaseStepListener - stepFinished: current outcome:Register a new user:Given set data in fields
| strFirstName | strLastName | strEmailAddress | strCity | strZipCode | strPassword |
| julio | garzon | fosewaulaugro-9510@yopmail.com | Popayán | 190002 | Andres123456* | [Deybison open up [Deybison opens the Utest page], Deybison register [Deybison clicks on button register, Deybison enters 'julio' into where do we write the first name, Deybison enters 'garzon' into where do we write the last name, Deybison enters 'fosewaulaugro-9510@yopmail.com' into where do we write the email, Deybison clicks on where do we write the month, Deybison clicks on where do we write the month, Deybison clicks on where do we write the day]]
[Test worker] WARN net.thucydides.core.steps.BaseStepListener - stepStarted: net.thucydides.core.steps.ExecutedStepDescription@1a153fd2
[Test worker] WARN net.thucydides.core.steps.BaseStepListener - stepFinished: current outcome:Register a new user:Given set data in fields
| strFirstName | strLastName | strEmailAddress | strCity | strZipCode | strPassword |
| julio | garzon | fosewaulaugro-9510@yopmail.com | Popayán | 190002 | Andres123456* | [Deybison open up [Deybison opens the Utest page], Deybison register [Deybison clicks on button register, Deybison enters 'julio' into where do we write the first name, Deybison enters 'garzon' into where do we write the last name, Deybison enters 'fosewaulaugro-9510@yopmail.com' into where do we write the email, Deybison clicks on where do we write the month, Deybison clicks on where do we write the month, Deybison clicks on where do we write the day, Deybison clicks on where do we write the day]]
[Test worker] WARN net.thucydides.core.steps.BaseStepListener - stepStarted: net.thucydides.core.steps.ExecutedStepDescription@16e9750d
[Test worker] WARN net.thucydides.core.steps.BaseStepListener - stepFinished: current outcome:Register a new user:Given set data in fields
| strFirstName | strLastName | strEmailAddress | strCity | strZipCode | strPassword |
| julio | garzon | fosewaulaugro-9510@yopmail.com | Popayán | 190002 | Andres123456* | [Deybison open up [Deybison opens the Utest page], Deybison register [Deybison clicks on button register, Deybison enters 'julio' into where do we write the first name, Deybison enters 'garzon' into where do we write the last name, Deybison enters 'fosewaulaugro-9510@yopmail.com' into where do we write the email, Deybison clicks on where do we write the month, Deybison clicks on where do we write the month, Deybison clicks on where do we write the day, Deybison clicks on where do we write the day, Deybison clicks on where do we write the year]]
[Test worker] WARN net.thucydides.core.steps.BaseStepListener - stepStarted: net.thucydides.core.steps.ExecutedStepDescription@2fe85952
[Test worker] WARN net.thucydides.core.steps.BaseStepListener - stepFinished: current outcome:Register a new user:Given set data in fields
| strFirstName | strLastName | strEmailAddress | strCity | strZipCode | strPassword |
| julio | garzon | fosewaulaugro-9510@yopmail.com | Popayán | 190002 | Andres123456* | [Deybison open up [Deybison opens the Utest page], Deybison register [Deybison clicks on button register, Deybison enters 'julio' into where do we write the first name, Deybison enters 'garzon' into where do we write the last name, Deybison enters 'fosewaulaugro-9510@yopmail.com' into where do we write the email, Deybison clicks on where do we write the month, Deybison clicks on where do we write the month, Deybison clicks on where do we write the day, Deybison clicks on where do we write the day, Deybison clicks on where do we write the year, Deybison clicks on where do we write the year]]
[Test worker] WARN net.thucydides.core.steps.BaseStepListener - stepStarted: net.thucydides.core.steps.ExecutedStepDescription@3b291b7a
[Test worker] WARN net.thucydides.core.steps.BaseStepListener - stepFinished: current outcome:Register a new user:Given set data in fields
| strFirstName | strLastName | strEmailAddress | strCity | strZipCode | strPassword |
| julio | garzon | fosewaulaugro-9510@yopmail.com | Popayán | 190002 | Andres123456* | [Deybison open up [Deybison opens the Utest page], Deybison register [Deybison clicks on button register, Deybison enters 'julio' into where do we write the first name, Deybison enters 'garzon' into where do we write the last name, Deybison enters 'fosewaulaugro-9510@yopmail.com' into where do we write the email, Deybison clicks on where do we write the month, Deybison clicks on where do we write the month, Deybison clicks on where do we write the day, Deybison clicks on where do we write the day, Deybison clicks on where do we write the year, Deybison clicks on where do we write the year, Deybison clicks on next button]]
[Test worker] WARN net.thucydides.core.steps.BaseStepListener - stepStarted: net.thucydides.core.steps.ExecutedStepDescription@31064b87
[Test worker] WARN net.thucydides.core.steps.BaseStepListener - stepFinished: current outcome:Register a new user:Given set data in fields
| strFirstName | strLastName | strEmailAddress | strCity | strZipCode | strPassword |
| julio | garzon | fosewaulaugro-9510@yopmail.com | Popayán | 190002 | Andres123456* | [Deybison open up [Deybison opens the Utest page], Deybison register [Deybison clicks on button register, Deybison enters 'julio' into where do we write the first name, Deybison enters 'garzon' into where do we write the last name, Deybison enters 'fosewaulaugro-9510@yopmail.com' into where do we write the email, Deybison clicks on where do we write the month, Deybison clicks on where do we write the month, Deybison clicks on where do we write the day, Deybison clicks on where do we write the day, Deybison clicks on where do we write the year, Deybison clicks on where do we write the year, Deybison clicks on next button, Deybison enters 'Popayán' into where do we write the city]]
[Test worker] WARN net.thucydides.core.steps.BaseStepListener - stepStarted: net.thucydides.core.steps.ExecutedStepDescription@42ac7729
[Test worker] WARN net.thucydides.core.steps.BaseStepListener - stepFinished: current outcome:Register a new user:Given set data in fields
| strFirstName | strLastName | strEmailAddress | strCity | strZipCode | strPassword |
| julio | garzon | fosewaulaugro-9510@yopmail.com | Popayán | 190002 | Andres123456* | [Deybison open up [Deybison opens the Utest page], Deybison register [Deybison clicks on button register, Deybison enters 'julio' into where do we write the first name, Deybison enters 'garzon' into where do we write the last name, Deybison enters 'fosewaulaugro-9510@yopmail.com' into where do we write the email, Deybison clicks on where do we write the month, Deybison clicks on where do we write the month, Deybison clicks on where do we write the day, Deybison clicks on where do we write the day, Deybison clicks on where do we write the year, Deybison clicks on where do we write the year, Deybison clicks on next button, Deybison enters 'Popayán' into where do we write the city, Deybison enters '190002' into where do we write the zip code]]
[Test worker] WARN net.thucydides.core.steps.BaseStepListener - stepStarted: net.thucydides.core.steps.ExecutedStepDescription@5b43200a
[Test worker] WARN net.thucydides.core.steps.BaseStepListener - stepFinished: current outcome:Register a new user:Given set data in fields
| strFirstName | strLastName | strEmailAddress | strCity | strZipCode | strPassword |
| julio | garzon | fosewaulaugro-9510@yopmail.com | Popayán | 190002 | Andres123456* | [Deybison open up [Deybison opens the Utest page], Deybison register [Deybison clicks on button register, Deybison enters 'julio' into where do we write the first name, Deybison enters 'garzon' into where do we write the last name, Deybison enters 'fosewaulaugro-9510@yopmail.com' into where do we write the email, Deybison clicks on where do we write the month, Deybison clicks on where do we write the month, Deybison clicks on where do we write the day, Deybison clicks on where do we write the day, Deybison clicks on where do we write the year, Deybison clicks on where do we write the year, Deybison clicks on next button, Deybison enters 'Popayán' into where do we write the city, Deybison enters '190002' into where do we write the zip code, Deybison clicks on where do we write the country]]
[Test worker] WARN net.thucydides.core.steps.BaseStepListener - stepStarted: net.thucydides.core.steps.ExecutedStepDescription@1c32c526
[Test worker] WARN net.thucydides.core.steps.BaseStepListener - stepFinished: current outcome:Register a new user:Given set data in fields
| strFirstName | strLastName | strEmailAddress | strCity | strZipCode | strPassword |
| julio | garzon | fosewaulaugro-9510@yopmail.com | Popayán | 190002 | Andres123456* | [Deybison open up [Deybison opens the Utest page], Deybison register [Deybison clicks on button register, Deybison enters 'julio' into where do we write the first name, Deybison enters 'garzon' into where do we write the last name, Deybison enters 'fosewaulaugro-9510@yopmail.com' into where do we write the email, Deybison clicks on where do we write the month, Deybison clicks on where do we write the month, Deybison clicks on where do we write the day, Deybison clicks on where do we write the day, Deybison clicks on where do we write the year, Deybison clicks on where do we write the year, Deybison clicks on next button, Deybison enters 'Popayán' into where do we write the city, Deybison enters '190002' into where do we write the zip code, Deybison clicks on where do we write the country, Deybison clicks on next button]]
[Test worker] WARN net.thucydides.core.steps.BaseStepListener - stepStarted: net.thucydides.core.steps.ExecutedStepDescription@5ee857d4
[Test worker] WARN net.thucydides.core.steps.BaseStepListener - stepFinished: current outcome:Register a new user:Given set data in fields
| strFirstName | strLastName | strEmailAddress | strCity | strZipCode | strPassword |
| julio | garzon | fosewaulaugro-9510@yopmail.com | Popayán | 190002 | Andres123456* | [Deybison open up [Deybison opens the Utest page], Deybison register [Deybison clicks on button register, Deybison enters 'julio' into where do we write the first name, Deybison enters 'garzon' into where do we write the last name, Deybison enters 'fosewaulaugro-9510@yopmail.com' into where do we write the email, Deybison clicks on where do we write the month, Deybison clicks on where do we write the month, Deybison clicks on where do we write the day, Deybison clicks on where do we write the day, Deybison clicks on where do we write the year, Deybison clicks on where do we write the year, Deybison clicks on next button, Deybison enters 'Popayán' into where do we write the city, Deybison enters '190002' into where do we write the zip code, Deybison clicks on where do we write the country, Deybison clicks on next button, Deybison clicks on Final button]]
[Test worker] WARN net.thucydides.core.steps.BaseStepListener - stepStarted: net.thucydides.core.steps.ExecutedStepDescription@5506ef4b
[Test worker] WARN net.thucydides.core.steps.BaseStepListener - stepFinished: current outcome:Register a new user:Given set data in fields
| strFirstName | strLastName | strEmailAddress | strCity | strZipCode | strPassword |
| julio | garzon | fosewaulaugro-9510@yopmail.com | Popayán | 190002 | Andres123456* | [Deybison open up [Deybison opens the Utest page], Deybison register [Deybison clicks on button register, Deybison enters 'julio' into where do we write the first name, Deybison enters 'garzon' into where do we write the last name, Deybison enters 'fosewaulaugro-9510@yopmail.com' into where do we write the email, Deybison clicks on where do we write the month, Deybison clicks on where do we write the month, Deybison clicks on where do we write the day, Deybison clicks on where do we write the day, Deybison clicks on where do we write the year, Deybison clicks on where do we write the year, Deybison clicks on next button, Deybison enters 'Popayán' into where do we write the city, Deybison enters '190002' into where do we write the zip code, Deybison clicks on where do we write the country, Deybison clicks on next button, Deybison clicks on Final button, Deybison enters 'Andres123456*' into where do we write the password]]
[Test worker] WARN net.thucydides.core.steps.BaseStepListener - stepStarted: net.thucydides.core.steps.ExecutedStepDescription@127cbef6
[Test worker] WARN net.thucydides.core.steps.BaseStepListener - stepFinished: current outcome:Register a new user:Given set data in fields
| strFirstName | strLastName | strEmailAddress | strCity | strZipCode | strPassword |
| julio | garzon | fosewaulaugro-9510@yopmail.com | Popayán | 190002 | Andres123456* | [Deybison open up [Deybison opens the Utest page], Deybison register [Deybison clicks on button register, Deybison enters 'julio' into where do we write the first name, Deybison enters 'garzon' into where do we write the last name, Deybison enters 'fosewaulaugro-9510@yopmail.com' into where do we write the email, Deybison clicks on where do we write the month, Deybison clicks on where do we write the month, Deybison clicks on where do we write the day, Deybison clicks on where do we write the day, Deybison clicks on where do we write the year, Deybison clicks on where do we write the year, Deybison clicks on next button, Deybison enters 'Popayán' into where do we write the city, Deybison enters '190002' into where do we write the zip code, Deybison clicks on where do we write the country, Deybison clicks on next button, Deybison clicks on Final button, Deybison enters 'Andres123456*' into where do we write the password, Deybison enters 'Andres123456*' into where do we write the confirmPassword]]
[Test worker] WARN net.thucydides.core.steps.BaseStepListener - stepStarted: net.thucydides.core.steps.ExecutedStepDescription@75382a6f
[Test worker] WARN net.thucydides.core.steps.BaseStepListener - stepFinished: current outcome:Register a new user:Given set data in fields
| strFirstName | strLastName | strEmailAddress | strCity | strZipCode | strPassword |
| julio | garzon | fosewaulaugro-9510@yopmail.com | Popayán | 190002 | Andres123456* | [Deybison open up [Deybison opens the Utest page], Deybison register [Deybison clicks on button register, Deybison enters 'julio' into where do we write the first name, Deybison enters 'garzon' into where do we write the last name, Deybison enters 'fosewaulaugro-9510@yopmail.com' into where do we write the email, Deybison clicks on where do we write the month, Deybison clicks on where do we write the month, Deybison clicks on where do we write the day, Deybison clicks on where do we write the day, Deybison clicks on where do we write the year, Deybison clicks on where do we write the year, Deybison clicks on next button, Deybison enters 'Popayán' into where do we write the city, Deybison enters '190002' into where do we write the zip code, Deybison clicks on where do we write the country, Deybison clicks on next button, Deybison clicks on Final button, Deybison enters 'Andres123456*' into where do we write the password, Deybison enters 'Andres123456*' into where do we write the confirmPassword, Deybison clicks on where do we select the terms]]
[Test worker] WARN net.thucydides.core.steps.BaseStepListener - stepStarted: net.thucydides.core.steps.ExecutedStepDescription@ccc7eab
[Test worker] WARN net.thucydides.core.steps.BaseStepListener - stepFinished: current outcome:Register a new user:Given set data in fields
| strFirstName | strLastName | strEmailAddress | strCity | strZipCode | strPassword |
| julio | garzon | fosewaulaugro-9510@yopmail.com | Popayán | 190002 | Andres123456* | [Deybison open up [Deybison opens the Utest page], Deybison register [Deybison clicks on button register, Deybison enters 'julio' into where do we write the first name, Deybison enters 'garzon' into where do we write the last name, Deybison enters 'fosewaulaugro-9510@yopmail.com' into where do we write the email, Deybison clicks on where do we write the month, Deybison clicks on where do we write the month, Deybison clicks on where do we write the day, Deybison clicks on where do we write the day, Deybison clicks on where do we write the year, Deybison clicks on where do we write the year, Deybison clicks on next button, Deybison enters 'Popayán' into where do we write the city, Deybison enters '190002' into where do we write the zip code, Deybison clicks on where do we write the country, Deybison clicks on next button, Deybison clicks on Final button, Deybison enters 'Andres123456*' into where do we write the password, Deybison enters 'Andres123456*' into where do we write the confirmPassword, Deybison clicks on where do we select the terms, Deybison clicks on where do we select the privacy]]
[Test worker] WARN net.thucydides.core.steps.BaseStepListener - stepStarted: net.thucydides.core.steps.ExecutedStepDescription@1f82663b
[Test worker] WARN net.thucydides.core.steps.BaseStepListener - stepFinished: current outcome:Register a new user:Given set data in fields
| strFirstName | strLastName | strEmailAddress | strCity | strZipCode | strPassword |
| julio | garzon | fosewaulaugro-9510@yopmail.com | Popayán | 190002 | Andres123456* | [Deybison open up [Deybison opens the Utest page], Deybison register [Deybison clicks on button register, Deybison enters 'julio' into where do we write the first name, Deybison enters 'garzon' into where do we write the last name, Deybison enters 'fosewaulaugro-9510@yopmail.com' into where do we write the email, Deybison clicks on where do we write the month, Deybison clicks on where do we write the month, Deybison clicks on where do we write the day, Deybison clicks on where do we write the day, Deybison clicks on where do we write the year, Deybison clicks on where do we write the year, Deybison clicks on next button, Deybison enters 'Popayán' into where do we write the city, Deybison enters '190002' into where do we write the zip code, Deybison clicks on where do we write the country, Deybison clicks on next button, Deybison clicks on Final button, Deybison enters 'Andres123456*' into where do we write the password, Deybison enters 'Andres123456*' into where do we write the confirmPassword, Deybison clicks on where do we select the terms, Deybison clicks on where do we select the privacy, Deybison clicks on button register]]
[Test worker] WARN net.thucydides.core.steps.BaseStepListener - stepFinished: current outcome:Register a new user:Given set data in fields
| strFirstName | strLastName | strEmailAddress | strCity | strZipCode | strPassword |
| julio | garzon | fosewaulaugro-9510@yopmail.com | Popayán | 190002 | Andres123456* | [Deybison open up [Deybison opens the Utest page], Deybison register [Deybison clicks on button register, Deybison enters 'julio' into where do we write the first name, Deybison enters 'garzon' into where do we write the last name, Deybison enters 'fosewaulaugro-9510@yopmail.com' into where do we write the email, Deybison clicks on where do we write the month, Deybison clicks on where do we write the month, Deybison clicks on where do we write the day, Deybison clicks on where do we write the day, Deybison clicks on where do we write the year, Deybison clicks on where do we write the year, Deybison clicks on next button, Deybison enters 'Popayán' into where do we write the city, Deybison enters '190002' into where do we write the zip code, Deybison clicks on where do we write the country, Deybison clicks on next button, Deybison clicks on Final button, Deybison enters 'Andres123456*' into where do we write the password, Deybison enters 'Andres123456*' into where do we write the confirmPassword, Deybison clicks on where do we select the terms, Deybison clicks on where do we select the privacy, Deybison clicks on button register]]
[Test worker] WARN net.thucydides.core.steps.BaseStepListener - stepFinished: current outcome:Register a new user:Given set data in fields
| strFirstName | strLastName | strEmailAddress | strCity | strZipCode | strPassword |
| julio | garzon | fosewaulaugro-9510@yopmail.com | Popayán | 190002 | Andres123456* | [Deybison open up [Deybison opens the Utest page], Deybison register [Deybison clicks on button register, Deybison enters 'julio' into where do we write the first name, Deybison enters 'garzon' into where do we write the last name, Deybison enters 'fosewaulaugro-9510@yopmail.com' into where do we write the email, Deybison clicks on where do we write the month, Deybison clicks on where do we write the month, Deybison clicks on where do we write the day, Deybison clicks on where do we write the day, Deybison clicks on where do we write the year, Deybison clicks on where do we write the year, Deybison clicks on next button, Deybison enters 'Popayán' into where do we write the city, Deybison enters '190002' into where do we write the zip code, Deybison clicks on where do we write the country, Deybison clicks on next button, Deybison clicks on Final button, Deybison enters 'Andres123456*' into where do we write the password, Deybison enters 'Andres123456*' into where do we write the confirmPassword, Deybison clicks on where do we select the terms, Deybison clicks on where do we select the privacy, Deybison clicks on button register]]
[Test worker] WARN net.thucydides.core.steps.BaseStepListener - testFinished: Register a new user:Given set data in fields
| strFirstName | strLastName | strEmailAddress | strCity | strZipCode | strPassword |
| julio | garzon | fosewaulaugro-9510@yopmail.com | Popayán | 190002 | Andres123456* | [Deybison open up [Deybison opens the Utest page], Deybison register [Deybison clicks on button register, Deybison enters 'julio' into where do we write the first name, Deybison enters 'garzon' into where do we write the last name, Deybison enters 'fosewaulaugro-9510@yopmail.com' into where do we write the email, Deybison clicks on where do we write the month, Deybison clicks on where do we write the month, Deybison clicks on where do we write the day, Deybison clicks on where do we write the day, Deybison clicks on where do we write the year, Deybison clicks on where do we write the year, Deybison clicks on next button, Deybison enters 'Popayán' into where do we write the city, Deybison enters '190002' into where do we write the zip code, Deybison clicks on where do we write the country, Deybison clicks on next button, Deybison clicks on Final button, Deybison enters 'Andres123456*' into where do we write the password, Deybison enters 'Andres123456*' into where do we write the confirmPassword, Deybison clicks on where do we select the terms, Deybison clicks on where do we select the privacy, Deybison clicks on button register]]
[Test worker] WARN net.thucydides.core.steps.BaseStepListener - TestOutcomes: [Login the user:Given than deybison wants to learn automation at the utest
| strUsername | strPassword |
| deybison2026@gmail.com | Enano12345* | [Deybison open up [Deybison opens the Utest page], Deybison login [Deybison clicks on button that show us the form to login, Deybison enters 'deybison2026@gmail.com' into where do we write the user, Deybison enters 'Enano12345*' into where do we write the password, Deybison clicks on button to confirm login]], When he finds the coursed called utest, Then the user Logout with their credentials [Deybison log out [Deybison clicks on expand button, Deybison clicks on Logout button]], Register a new user:Given set data in fields
| strFirstName | strLastName | strEmailAddress | strCity | strZipCode | strPassword |
| julio | garzon | fosewaulaugro-9510@yopmail.com | Popayán | 190002 | Andres123456* | [Deybison open up [Deybison opens the Utest page], Deybison register [Deybison clicks on button register, Deybison enters 'julio' into where do we write the first name, Deybison enters 'garzon' into where do we write the last name, Deybison enters 'fosewaulaugro-9510@yopmail.com' into where do we write the email, Deybison clicks on where do we write the month, Deybison clicks on where do we write the month, Deybison clicks on where do we write the day, Deybison clicks on where do we write the day, Deybison clicks on where do we write the year, Deybison clicks on where do we write the year, Deybison clicks on next button, Deybison enters 'Popayán' into where do we write the city, Deybison enters '190002' into where do we write the zip code, Deybison clicks on where do we write the country, Deybison clicks on next button, Deybison clicks on Final button, Deybison enters 'Andres123456*' into where do we write the password, Deybison enters 'Andres123456*' into where do we write the confirmPassword, Deybison clicks on where do we select the terms, Deybison clicks on where do we select the privacy, Deybison clicks on button register]]]
[Test worker] WARN net.thucydides.core.steps.BaseStepListener - Final testOutcomes: [Login the user:Given than deybison wants to learn automation at the utest
| strUsername | strPassword |
| deybison2026@gmail.com | Enano12345* | [Deybison open up [Deybison opens the Utest page], Deybison login [Deybison clicks on button that show us the form to login, Deybison enters 'deybison2026@gmail.com' into where do we write the user, Deybison enters 'Enano12345*' into where do we write the password, Deybison clicks on button to confirm login]], When he finds the coursed called utest, Then the user Logout with their credentials [Deybison log out [Deybison clicks on expand button, Deybison clicks on Logout button]], Register a new user:Given set data in fields
| strFirstName | strLastName | strEmailAddress | strCity | strZipCode | strPassword |
| julio | garzon | fosewaulaugro-9510@yopmail.com | Popayán | 190002 | Andres123456* | [Deybison open up [Deybison opens the Utest page], Deybison register [Deybison clicks on button register, Deybison enters 'julio' into where do we write the first name, Deybison enters 'garzon' into where do we write the last name, Deybison enters 'fosewaulaugro-9510@yopmail.com' into where do we write the email, Deybison clicks on where do we write the month, Deybison clicks on where do we write the month, Deybison clicks on where do we write the day, Deybison clicks on where do we write the day, Deybison clicks on where do we write the year, Deybison clicks on where do we write the year, Deybison clicks on next button, Deybison enters 'Popayán' into where do we write the city, Deybison enters '190002' into where do we write the zip code, Deybison clicks on where do we write the country, Deybison clicks on next button, Deybison clicks on Final button, Deybison enters 'Andres123456*' into where do we write the password, Deybison enters 'Andres123456*' into where do we write the confirmPassword, Deybison clicks on where do we select the terms, Deybison clicks on where do we select the privacy, Deybison clicks on button register]]]
[Test worker] INFO net.thucydides.core.steps.ConsoleLoggingListener - 
        __    _____ _____ ____ _____   ____   _    ____  ____  _____ ____  
  _     \ \  |_   _| ____/ ___|_   _| |  _ \ / \  / ___|/ ___|| ____|  _ \ 
 (_)_____| |   | | |  _| \___ \ | |   | |_) / _ \ \___ \\___ \|  _| | | | |
  _|_____| |   | | | |___ ___) || |   |  __/ ___ \ ___) |___) | |___| |_| |
 (_)     | |   |_| |_____|____/ |_|   |_| /_/   \_\____/|____/|_____|____/ 
        /_/                                                                

TEST PASSED: Register a new user
----------------------------------------------------------------------------
]]></system-err>
</testsuite>
